[0.000] initConfigParams():  Configuration flags start
[0.000] initConfigParams():   external-init                  false
[0.000] initConfigParams():   pend-halt-timeout              (null)
[0.000] initConfigParams():   halt                           false
[0.000] initConfigParams():  +config-file                    "config.txt"
[0.000] initConfigParams():  +persistent                     true
[0.000] initConfigParams():  +log-file                       "debug.log"
[0.000] initConfigParams():   log-level                      31
[0.000] initConfigParams():  +port-number                    61234
[0.000] initConfigParams():   verbose                        false
[0.000] initConfigParams():  +refresh-delay                  15
[0.000] initConfigParams():   verify                         false
[0.000] initConfigParams():  +swd                            true
[0.000] initConfigParams():   swo-port                       61234
[0.000] initConfigParams():   cpu-clock                      8000000
[0.000] initConfigParams():   swo-clock-div                  128
[0.000] initConfigParams():   initialize-reset               false
[0.000] initConfigParams():   debuggers                      false
[0.000] initConfigParams():   serial-number                  ""
[0.000] initConfigParams():   apid                           0
[0.000] initConfigParams():   attach                         false
[0.000] initConfigParams():   shared                         false
[0.000] initConfigParams():   erase-all                      false
[0.000] initConfigParams():   memory-map                     ""
[0.000] initConfigParams():   ext-memory-loaders             false
[0.000] initConfigParams():   extload                        ""
[0.000] initConfigParams():   stm32cubeprogrammer-path       "..\STM32CubeProgrammer\bin\"
[0.000] initConfigParams():   temp-path                      ""
[0.000] initConfigParams():   preserve-temps                 false
[0.000] initConfigParams():   frequency                      -1
[0.000] initConfigParams():   licenses                       false
[0.000] initConfigParams():   ignore-rest                    false
[0.000] initConfigParams():   version                        false
[0.000] initConfigParams():   help                           false
[0.000] initConfigParams():  Configuration flags end
